<?xml version="1.0" encoding="UTF-8"?>
<testng-results total="1" passed="1" failed="0" skipped="0">
  <reporter-output>
  </reporter-output>
  <suite started-at="2018-02-01T00:47:54Z" name="Default suite" finished-at="2018-02-01T00:48:02Z" duration-ms="8073">
    <groups>
    </groups>
    <test started-at="2018-02-01T00:47:54Z" name="Default test" finished-at="2018-02-01T00:48:02Z" duration-ms="8073">
      <class name="test.TestLoginPage">
        <test-method is-config="true" signature="beforeTest()[pri:0, instance:test.TestLoginPage@5c90e579]" started-at="2018-02-01T03:47:54Z" name="beforeTest" finished-at="2018-02-01T03:48:01Z" duration-ms="6679" status="PASS">
          <reporter-output>
          </reporter-output>
        </test-method> <!-- beforeTest -->
        <test-method signature="testLogin()[pri:0, instance:test.TestLoginPage@5c90e579]" started-at="2018-02-01T03:48:01Z" name="testLogin" finished-at="2018-02-01T03:48:01Z" duration-ms="288" status="PASS">
          <reporter-output>
          </reporter-output>
        </test-method> <!-- testLogin -->
        <test-method is-config="true" signature="afterTest()[pri:0, instance:test.TestLoginPage@5c90e579]" started-at="2018-02-01T03:48:01Z" name="afterTest" finished-at="2018-02-01T03:48:02Z" duration-ms="1085" status="PASS">
          <reporter-output>
          </reporter-output>
        </test-method> <!-- afterTest -->
      </class> <!-- test.TestLoginPage -->
    </test> <!-- Default test -->
  </suite> <!-- Default suite -->
</testng-results>
