<?xml version="1.0" encoding="UTF-8"?>
<testng-results total="2" passed="2" failed="0" skipped="0">
  <reporter-output>
  </reporter-output>
  <suite started-at="2018-02-02T18:11:29Z" name="Suite" finished-at="2018-02-02T18:11:57Z" duration-ms="28157">
    <groups>
      <group name="A">
        <method signature="TestLoginPage.testLogin(java.lang.String, java.lang.String)[pri:0, instance:test.TestLoginPage@1018bde2]" name="testLogin" class="test.TestLoginPage"/>
      </group> <!-- A -->
    </groups>
    <test started-at="2018-02-02T18:11:29Z" name="test suit" finished-at="2018-02-02T18:11:57Z" duration-ms="28157">
      <class name="test.TestLoginPage">
        <test-method is-config="true" signature="before()[pri:0, instance:test.TestLoginPage@1018bde2]" started-at="2018-02-02T21:11:29Z" name="before" finished-at="2018-02-02T21:11:36Z" duration-ms="7277" status="PASS">
          <reporter-output>
          </reporter-output>
        </test-method> <!-- before -->
        <test-method signature="testLogin(java.lang.String, java.lang.String)[pri:0, instance:test.TestLoginPage@1018bde2]" started-at="2018-02-02T21:11:36Z" name="testLogin" data-provider="dp" finished-at="2018-02-02T21:11:37Z" duration-ms="1412" status="PASS">
          <params>
            <param index="0">
              <value>
                <![CDATA[kolia]]>
              </value>
            </param>
            <param index="1">
              <value>
                <![CDATA[empl]]>
              </value>
            </param>
          </params>
          <reporter-output>
          </reporter-output>
        </test-method> <!-- testLogin -->
        <test-method is-config="true" signature="after()[pri:0, instance:test.TestLoginPage@1018bde2]" started-at="2018-02-02T21:11:37Z" name="after" finished-at="2018-02-02T21:11:39Z" duration-ms="1271" status="PASS">
          <reporter-output>
          </reporter-output>
        </test-method> <!-- after -->
        <test-method is-config="true" signature="before()[pri:0, instance:test.TestLoginPage@1018bde2]" started-at="2018-02-02T21:11:39Z" name="before" finished-at="2018-02-02T21:11:45Z" duration-ms="6395" status="PASS">
          <reporter-output>
          </reporter-output>
        </test-method> <!-- before -->
        <test-method signature="testLogin(java.lang.String, java.lang.String)[pri:0, instance:test.TestLoginPage@1018bde2]" started-at="2018-02-02T21:11:45Z" name="testLogin" data-provider="dp" finished-at="2018-02-02T21:11:56Z" duration-ms="10914" status="PASS">
          <params>
            <param index="0">
              <value>
                <![CDATA[kkskolia]]>
              </value>
            </param>
            <param index="1">
              <value>
                <![CDATA[eempl]]>
              </value>
            </param>
          </params>
          <reporter-output>
          </reporter-output>
        </test-method> <!-- testLogin -->
        <test-method is-config="true" signature="after()[pri:0, instance:test.TestLoginPage@1018bde2]" started-at="2018-02-02T21:11:56Z" name="after" finished-at="2018-02-02T21:11:57Z" duration-ms="849" status="PASS">
          <reporter-output>
          </reporter-output>
        </test-method> <!-- after -->
      </class> <!-- test.TestLoginPage -->
    </test> <!-- test suit -->
  </suite> <!-- Suite -->
</testng-results>
