<?xml version="1.0" encoding="UTF-8"?>
<testng-results total="7" passed="3" failed="4" skipped="0">
  <reporter-output>
  </reporter-output>
  <suite started-at="2018-02-05T10:52:27Z" name="Default suite" finished-at="2018-02-05T10:52:44Z" duration-ms="16922">
    <groups>
      <group name="Skype">
        <method signature="TestProfilePage.skypeEqual()[pri:0, instance:test.TestProfilePage@5ab9e72c]" name="skypeEqual" class="test.TestProfilePage"/>
      </group> <!-- Skype -->
      <group name="MidleName">
        <method signature="TestProfilePage.midNameEqual()[pri:0, instance:test.TestProfilePage@5ab9e72c]" name="midNameEqual" class="test.TestProfilePage"/>
      </group> <!-- MidleName -->
      <group name="Equal">
        <method signature="TestProfilePage.birthEqual()[pri:0, instance:test.TestProfilePage@5ab9e72c]" name="birthEqual" class="test.TestProfilePage"/>
        <method signature="TestProfilePage.firstNameEqual()[pri:0, instance:test.TestProfilePage@5ab9e72c]" name="firstNameEqual" class="test.TestProfilePage"/>
        <method signature="TestProfilePage.lastNameEqual()[pri:0, instance:test.TestProfilePage@5ab9e72c]" name="lastNameEqual" class="test.TestProfilePage"/>
        <method signature="TestProfilePage.midNameEqual()[pri:0, instance:test.TestProfilePage@5ab9e72c]" name="midNameEqual" class="test.TestProfilePage"/>
        <method signature="TestProfilePage.phoneEqual()[pri:0, instance:test.TestProfilePage@5ab9e72c]" name="phoneEqual" class="test.TestProfilePage"/>
        <method signature="TestProfilePage.skypeEqual()[pri:0, instance:test.TestProfilePage@5ab9e72c]" name="skypeEqual" class="test.TestProfilePage"/>
      </group> <!-- Equal -->
      <group name="Valid">
        <method signature="TestProfilePage.birthValid()[pri:0, instance:test.TestProfilePage@5ab9e72c]" name="birthValid" class="test.TestProfilePage"/>
      </group> <!-- Valid -->
      <group name="FirstName">
        <method signature="TestProfilePage.firstNameEqual()[pri:0, instance:test.TestProfilePage@5ab9e72c]" name="firstNameEqual" class="test.TestProfilePage"/>
      </group> <!-- FirstName -->
      <group name="Phone">
        <method signature="TestProfilePage.phoneEqual()[pri:0, instance:test.TestProfilePage@5ab9e72c]" name="phoneEqual" class="test.TestProfilePage"/>
      </group> <!-- Phone -->
      <group name="LastName">
        <method signature="TestProfilePage.lastNameEqual()[pri:0, instance:test.TestProfilePage@5ab9e72c]" name="lastNameEqual" class="test.TestProfilePage"/>
      </group> <!-- LastName -->
      <group name="Profile">
        <method signature="TestProfilePage.birthEqual()[pri:0, instance:test.TestProfilePage@5ab9e72c]" name="birthEqual" class="test.TestProfilePage"/>
        <method signature="TestProfilePage.birthValid()[pri:0, instance:test.TestProfilePage@5ab9e72c]" name="birthValid" class="test.TestProfilePage"/>
        <method signature="TestProfilePage.firstNameEqual()[pri:0, instance:test.TestProfilePage@5ab9e72c]" name="firstNameEqual" class="test.TestProfilePage"/>
        <method signature="TestProfilePage.lastNameEqual()[pri:0, instance:test.TestProfilePage@5ab9e72c]" name="lastNameEqual" class="test.TestProfilePage"/>
        <method signature="TestProfilePage.midNameEqual()[pri:0, instance:test.TestProfilePage@5ab9e72c]" name="midNameEqual" class="test.TestProfilePage"/>
        <method signature="TestProfilePage.phoneEqual()[pri:0, instance:test.TestProfilePage@5ab9e72c]" name="phoneEqual" class="test.TestProfilePage"/>
        <method signature="TestProfilePage.skypeEqual()[pri:0, instance:test.TestProfilePage@5ab9e72c]" name="skypeEqual" class="test.TestProfilePage"/>
      </group> <!-- Profile -->
      <group name="Date">
        <method signature="TestProfilePage.birthEqual()[pri:0, instance:test.TestProfilePage@5ab9e72c]" name="birthEqual" class="test.TestProfilePage"/>
        <method signature="TestProfilePage.birthValid()[pri:0, instance:test.TestProfilePage@5ab9e72c]" name="birthValid" class="test.TestProfilePage"/>
      </group> <!-- Date -->
    </groups>
    <test started-at="2018-02-05T10:52:27Z" name="Default test" finished-at="2018-02-05T10:52:44Z" duration-ms="16922">
      <class name="test.TestProfilePage">
        <test-method is-config="true" signature="before()[pri:0, instance:test.TestProfilePage@5ab9e72c]" started-at="2018-02-05T13:52:27Z" name="before" finished-at="2018-02-05T13:52:42Z" duration-ms="15137" status="PASS">
          <reporter-output>
          </reporter-output>
        </test-method> <!-- before -->
        <test-method signature="birthEqual()[pri:0, instance:test.TestProfilePage@5ab9e72c]" started-at="2018-02-05T13:52:42Z" name="birthEqual" finished-at="2018-02-05T13:52:42Z" duration-ms="8" status="PASS">
          <reporter-output>
          </reporter-output>
        </test-method> <!-- birthEqual -->
        <test-method signature="birthValid()[pri:0, instance:test.TestProfilePage@5ab9e72c]" started-at="2018-02-05T13:52:42Z" name="birthValid" finished-at="2018-02-05T13:52:42Z" duration-ms="2" status="PASS">
          <reporter-output>
          </reporter-output>
        </test-method> <!-- birthValid -->
        <test-method signature="firstNameEqual()[pri:0, instance:test.TestProfilePage@5ab9e72c]" started-at="2018-02-05T13:52:42Z" name="firstNameEqual" finished-at="2018-02-05T13:52:42Z" duration-ms="144" status="FAIL">
          <exception class="java.lang.NullPointerException">
            <full-stacktrace>
              <![CDATA[java.lang.NullPointerException
	at test.TestProfilePage.firstNameEqual(TestProfilePage.java:56)
	at java.base/jdk.internal.reflect.NativeMethodAccessorImpl.invoke0(Native Method)
	at java.base/jdk.internal.reflect.NativeMethodAccessorImpl.invoke(Unknown Source)
	at java.base/jdk.internal.reflect.DelegatingMethodAccessorImpl.invoke(Unknown Source)
	at java.base/java.lang.reflect.Method.invoke(Unknown Source)
	at org.testng.internal.MethodInvocationHelper.invokeMethod(MethodInvocationHelper.java:80)
	at org.testng.internal.Invoker.invokeMethod(Invoker.java:714)
	at org.testng.internal.Invoker.invokeTestMethod(Invoker.java:901)
	at org.testng.internal.Invoker.invokeTestMethods(Invoker.java:1231)
	at org.testng.internal.TestMethodWorker.invokeTestMethods(TestMethodWorker.java:127)
	at org.testng.internal.TestMethodWorker.run(TestMethodWorker.java:111)
	at org.testng.TestRunner.privateRun(TestRunner.java:767)
	at org.testng.TestRunner.run(TestRunner.java:617)
	at org.testng.SuiteRunner.runTest(SuiteRunner.java:334)
	at org.testng.SuiteRunner.runSequentially(SuiteRunner.java:329)
	at org.testng.SuiteRunner.privateRun(SuiteRunner.java:291)
	at org.testng.SuiteRunner.run(SuiteRunner.java:240)
	at org.testng.SuiteRunnerWorker.runSuite(SuiteRunnerWorker.java:52)
	at org.testng.SuiteRunnerWorker.run(SuiteRunnerWorker.java:86)
	at org.testng.TestNG.runSuitesSequentially(TestNG.java:1198)
	at org.testng.TestNG.runSuitesLocally(TestNG.java:1123)
	at org.testng.TestNG.run(TestNG.java:1031)
	at org.testng.remote.AbstractRemoteTestNG.run(AbstractRemoteTestNG.java:114)
	at org.testng.remote.RemoteTestNG.initAndRun(RemoteTestNG.java:251)
	at org.testng.remote.RemoteTestNG.main(RemoteTestNG.java:77)
]]>
            </full-stacktrace>
          </exception> <!-- java.lang.NullPointerException -->
          <reporter-output>
          </reporter-output>
        </test-method> <!-- firstNameEqual -->
        <test-method signature="lastNameEqual()[pri:0, instance:test.TestProfilePage@5ab9e72c]" started-at="2018-02-05T13:52:42Z" name="lastNameEqual" finished-at="2018-02-05T13:52:42Z" duration-ms="61" status="FAIL">
          <exception class="java.lang.NullPointerException">
            <full-stacktrace>
              <![CDATA[java.lang.NullPointerException
	at test.TestProfilePage.lastNameEqual(TestProfilePage.java:68)
	at java.base/jdk.internal.reflect.NativeMethodAccessorImpl.invoke0(Native Method)
	at java.base/jdk.internal.reflect.NativeMethodAccessorImpl.invoke(Unknown Source)
	at java.base/jdk.internal.reflect.DelegatingMethodAccessorImpl.invoke(Unknown Source)
	at java.base/java.lang.reflect.Method.invoke(Unknown Source)
	at org.testng.internal.MethodInvocationHelper.invokeMethod(MethodInvocationHelper.java:80)
	at org.testng.internal.Invoker.invokeMethod(Invoker.java:714)
	at org.testng.internal.Invoker.invokeTestMethod(Invoker.java:901)
	at org.testng.internal.Invoker.invokeTestMethods(Invoker.java:1231)
	at org.testng.internal.TestMethodWorker.invokeTestMethods(TestMethodWorker.java:127)
	at org.testng.internal.TestMethodWorker.run(TestMethodWorker.java:111)
	at org.testng.TestRunner.privateRun(TestRunner.java:767)
	at org.testng.TestRunner.run(TestRunner.java:617)
	at org.testng.SuiteRunner.runTest(SuiteRunner.java:334)
	at org.testng.SuiteRunner.runSequentially(SuiteRunner.java:329)
	at org.testng.SuiteRunner.privateRun(SuiteRunner.java:291)
	at org.testng.SuiteRunner.run(SuiteRunner.java:240)
	at org.testng.SuiteRunnerWorker.runSuite(SuiteRunnerWorker.java:52)
	at org.testng.SuiteRunnerWorker.run(SuiteRunnerWorker.java:86)
	at org.testng.TestNG.runSuitesSequentially(TestNG.java:1198)
	at org.testng.TestNG.runSuitesLocally(TestNG.java:1123)
	at org.testng.TestNG.run(TestNG.java:1031)
	at org.testng.remote.AbstractRemoteTestNG.run(AbstractRemoteTestNG.java:114)
	at org.testng.remote.RemoteTestNG.initAndRun(RemoteTestNG.java:251)
	at org.testng.remote.RemoteTestNG.main(RemoteTestNG.java:77)
]]>
            </full-stacktrace>
          </exception> <!-- java.lang.NullPointerException -->
          <reporter-output>
          </reporter-output>
        </test-method> <!-- lastNameEqual -->
        <test-method signature="midNameEqual()[pri:0, instance:test.TestProfilePage@5ab9e72c]" started-at="2018-02-05T13:52:42Z" name="midNameEqual" finished-at="2018-02-05T13:52:42Z" duration-ms="77" status="FAIL">
          <exception class="java.lang.NullPointerException">
            <full-stacktrace>
              <![CDATA[java.lang.NullPointerException
	at test.TestProfilePage.midNameEqual(TestProfilePage.java:62)
	at java.base/jdk.internal.reflect.NativeMethodAccessorImpl.invoke0(Native Method)
	at java.base/jdk.internal.reflect.NativeMethodAccessorImpl.invoke(Unknown Source)
	at java.base/jdk.internal.reflect.DelegatingMethodAccessorImpl.invoke(Unknown Source)
	at java.base/java.lang.reflect.Method.invoke(Unknown Source)
	at org.testng.internal.MethodInvocationHelper.invokeMethod(MethodInvocationHelper.java:80)
	at org.testng.internal.Invoker.invokeMethod(Invoker.java:714)
	at org.testng.internal.Invoker.invokeTestMethod(Invoker.java:901)
	at org.testng.internal.Invoker.invokeTestMethods(Invoker.java:1231)
	at org.testng.internal.TestMethodWorker.invokeTestMethods(TestMethodWorker.java:127)
	at org.testng.internal.TestMethodWorker.run(TestMethodWorker.java:111)
	at org.testng.TestRunner.privateRun(TestRunner.java:767)
	at org.testng.TestRunner.run(TestRunner.java:617)
	at org.testng.SuiteRunner.runTest(SuiteRunner.java:334)
	at org.testng.SuiteRunner.runSequentially(SuiteRunner.java:329)
	at org.testng.SuiteRunner.privateRun(SuiteRunner.java:291)
	at org.testng.SuiteRunner.run(SuiteRunner.java:240)
	at org.testng.SuiteRunnerWorker.runSuite(SuiteRunnerWorker.java:52)
	at org.testng.SuiteRunnerWorker.run(SuiteRunnerWorker.java:86)
	at org.testng.TestNG.runSuitesSequentially(TestNG.java:1198)
	at org.testng.TestNG.runSuitesLocally(TestNG.java:1123)
	at org.testng.TestNG.run(TestNG.java:1031)
	at org.testng.remote.AbstractRemoteTestNG.run(AbstractRemoteTestNG.java:114)
	at org.testng.remote.RemoteTestNG.initAndRun(RemoteTestNG.java:251)
	at org.testng.remote.RemoteTestNG.main(RemoteTestNG.java:77)
]]>
            </full-stacktrace>
          </exception> <!-- java.lang.NullPointerException -->
          <reporter-output>
          </reporter-output>
        </test-method> <!-- midNameEqual -->
        <test-method signature="phoneEqual()[pri:0, instance:test.TestProfilePage@5ab9e72c]" started-at="2018-02-05T13:52:42Z" name="phoneEqual" finished-at="2018-02-05T13:52:42Z" duration-ms="73" status="PASS">
          <reporter-output>
          </reporter-output>
        </test-method> <!-- phoneEqual -->
        <test-method signature="skypeEqual()[pri:0, instance:test.TestProfilePage@5ab9e72c]" started-at="2018-02-05T13:52:42Z" name="skypeEqual" finished-at="2018-02-05T13:52:42Z" duration-ms="82" status="FAIL">
          <exception class="java.lang.NullPointerException">
            <full-stacktrace>
              <![CDATA[java.lang.NullPointerException
	at test.TestProfilePage.skypeEqual(TestProfilePage.java:89)
	at java.base/jdk.internal.reflect.NativeMethodAccessorImpl.invoke0(Native Method)
	at java.base/jdk.internal.reflect.NativeMethodAccessorImpl.invoke(Unknown Source)
	at java.base/jdk.internal.reflect.DelegatingMethodAccessorImpl.invoke(Unknown Source)
	at java.base/java.lang.reflect.Method.invoke(Unknown Source)
	at org.testng.internal.MethodInvocationHelper.invokeMethod(MethodInvocationHelper.java:80)
	at org.testng.internal.Invoker.invokeMethod(Invoker.java:714)
	at org.testng.internal.Invoker.invokeTestMethod(Invoker.java:901)
	at org.testng.internal.Invoker.invokeTestMethods(Invoker.java:1231)
	at org.testng.internal.TestMethodWorker.invokeTestMethods(TestMethodWorker.java:127)
	at org.testng.internal.TestMethodWorker.run(TestMethodWorker.java:111)
	at org.testng.TestRunner.privateRun(TestRunner.java:767)
	at org.testng.TestRunner.run(TestRunner.java:617)
	at org.testng.SuiteRunner.runTest(SuiteRunner.java:334)
	at org.testng.SuiteRunner.runSequentially(SuiteRunner.java:329)
	at org.testng.SuiteRunner.privateRun(SuiteRunner.java:291)
	at org.testng.SuiteRunner.run(SuiteRunner.java:240)
	at org.testng.SuiteRunnerWorker.runSuite(SuiteRunnerWorker.java:52)
	at org.testng.SuiteRunnerWorker.run(SuiteRunnerWorker.java:86)
	at org.testng.TestNG.runSuitesSequentially(TestNG.java:1198)
	at org.testng.TestNG.runSuitesLocally(TestNG.java:1123)
	at org.testng.TestNG.run(TestNG.java:1031)
	at org.testng.remote.AbstractRemoteTestNG.run(AbstractRemoteTestNG.java:114)
	at org.testng.remote.RemoteTestNG.initAndRun(RemoteTestNG.java:251)
	at org.testng.remote.RemoteTestNG.main(RemoteTestNG.java:77)
]]>
            </full-stacktrace>
          </exception> <!-- java.lang.NullPointerException -->
          <reporter-output>
          </reporter-output>
        </test-method> <!-- skypeEqual -->
        <test-method is-config="true" signature="after()[pri:0, instance:test.TestProfilePage@5ab9e72c]" started-at="2018-02-05T13:52:42Z" name="after" finished-at="2018-02-05T13:52:44Z" duration-ms="1306" status="PASS">
          <reporter-output>
          </reporter-output>
        </test-method> <!-- after -->
      </class> <!-- test.TestProfilePage -->
    </test> <!-- Default test -->
  </suite> <!-- Default suite -->
</testng-results>
