<?xml version="1.0" encoding="UTF-8"?>
<testng-results total="7" passed="7" failed="0" skipped="0">
  <reporter-output>
  </reporter-output>
  <suite started-at="2018-02-05T11:10:11Z" name="Default suite" finished-at="2018-02-05T11:10:26Z" duration-ms="15087">
    <groups>
      <group name="Skype">
        <method signature="TestProfilePage.skypeEqual()[pri:0, instance:test.TestProfilePage@5ab9e72c]" name="skypeEqual" class="test.TestProfilePage"/>
      </group> <!-- Skype -->
      <group name="MidleName">
        <method signature="TestProfilePage.midNameEqual()[pri:0, instance:test.TestProfilePage@5ab9e72c]" name="midNameEqual" class="test.TestProfilePage"/>
      </group> <!-- MidleName -->
      <group name="Equal">
        <method signature="TestProfilePage.birthEqual()[pri:0, instance:test.TestProfilePage@5ab9e72c]" name="birthEqual" class="test.TestProfilePage"/>
        <method signature="TestProfilePage.firstNameEqual()[pri:0, instance:test.TestProfilePage@5ab9e72c]" name="firstNameEqual" class="test.TestProfilePage"/>
        <method signature="TestProfilePage.lastNameEqual()[pri:0, instance:test.TestProfilePage@5ab9e72c]" name="lastNameEqual" class="test.TestProfilePage"/>
        <method signature="TestProfilePage.midNameEqual()[pri:0, instance:test.TestProfilePage@5ab9e72c]" name="midNameEqual" class="test.TestProfilePage"/>
        <method signature="TestProfilePage.phoneEqual()[pri:0, instance:test.TestProfilePage@5ab9e72c]" name="phoneEqual" class="test.TestProfilePage"/>
        <method signature="TestProfilePage.skypeEqual()[pri:0, instance:test.TestProfilePage@5ab9e72c]" name="skypeEqual" class="test.TestProfilePage"/>
      </group> <!-- Equal -->
      <group name="Valid">
        <method signature="TestProfilePage.birthValid()[pri:0, instance:test.TestProfilePage@5ab9e72c]" name="birthValid" class="test.TestProfilePage"/>
      </group> <!-- Valid -->
      <group name="FirstName">
        <method signature="TestProfilePage.firstNameEqual()[pri:0, instance:test.TestProfilePage@5ab9e72c]" name="firstNameEqual" class="test.TestProfilePage"/>
      </group> <!-- FirstName -->
      <group name="Phone">
        <method signature="TestProfilePage.phoneEqual()[pri:0, instance:test.TestProfilePage@5ab9e72c]" name="phoneEqual" class="test.TestProfilePage"/>
      </group> <!-- Phone -->
      <group name="LastName">
        <method signature="TestProfilePage.lastNameEqual()[pri:0, instance:test.TestProfilePage@5ab9e72c]" name="lastNameEqual" class="test.TestProfilePage"/>
      </group> <!-- LastName -->
      <group name="Profile">
        <method signature="TestProfilePage.birthEqual()[pri:0, instance:test.TestProfilePage@5ab9e72c]" name="birthEqual" class="test.TestProfilePage"/>
        <method signature="TestProfilePage.birthValid()[pri:0, instance:test.TestProfilePage@5ab9e72c]" name="birthValid" class="test.TestProfilePage"/>
        <method signature="TestProfilePage.firstNameEqual()[pri:0, instance:test.TestProfilePage@5ab9e72c]" name="firstNameEqual" class="test.TestProfilePage"/>
        <method signature="TestProfilePage.lastNameEqual()[pri:0, instance:test.TestProfilePage@5ab9e72c]" name="lastNameEqual" class="test.TestProfilePage"/>
        <method signature="TestProfilePage.midNameEqual()[pri:0, instance:test.TestProfilePage@5ab9e72c]" name="midNameEqual" class="test.TestProfilePage"/>
        <method signature="TestProfilePage.phoneEqual()[pri:0, instance:test.TestProfilePage@5ab9e72c]" name="phoneEqual" class="test.TestProfilePage"/>
        <method signature="TestProfilePage.skypeEqual()[pri:0, instance:test.TestProfilePage@5ab9e72c]" name="skypeEqual" class="test.TestProfilePage"/>
      </group> <!-- Profile -->
      <group name="Date">
        <method signature="TestProfilePage.birthEqual()[pri:0, instance:test.TestProfilePage@5ab9e72c]" name="birthEqual" class="test.TestProfilePage"/>
        <method signature="TestProfilePage.birthValid()[pri:0, instance:test.TestProfilePage@5ab9e72c]" name="birthValid" class="test.TestProfilePage"/>
      </group> <!-- Date -->
    </groups>
    <test started-at="2018-02-05T11:10:11Z" name="Default test" finished-at="2018-02-05T11:10:26Z" duration-ms="15087">
      <class name="test.TestProfilePage">
        <test-method is-config="true" signature="before()[pri:0, instance:test.TestProfilePage@5ab9e72c]" started-at="2018-02-05T14:10:11Z" name="before" finished-at="2018-02-05T14:10:24Z" duration-ms="13441" status="PASS">
          <reporter-output>
          </reporter-output>
        </test-method> <!-- before -->
        <test-method signature="birthEqual()[pri:0, instance:test.TestProfilePage@5ab9e72c]" started-at="2018-02-05T14:10:24Z" name="birthEqual" finished-at="2018-02-05T14:10:24Z" duration-ms="6" status="PASS">
          <reporter-output>
          </reporter-output>
        </test-method> <!-- birthEqual -->
        <test-method signature="birthValid()[pri:0, instance:test.TestProfilePage@5ab9e72c]" started-at="2018-02-05T14:10:24Z" name="birthValid" finished-at="2018-02-05T14:10:24Z" duration-ms="2" status="PASS">
          <reporter-output>
          </reporter-output>
        </test-method> <!-- birthValid -->
        <test-method signature="firstNameEqual()[pri:0, instance:test.TestProfilePage@5ab9e72c]" started-at="2018-02-05T14:10:24Z" name="firstNameEqual" finished-at="2018-02-05T14:10:25Z" duration-ms="134" status="PASS">
          <reporter-output>
          </reporter-output>
        </test-method> <!-- firstNameEqual -->
        <test-method signature="lastNameEqual()[pri:0, instance:test.TestProfilePage@5ab9e72c]" started-at="2018-02-05T14:10:25Z" name="lastNameEqual" finished-at="2018-02-05T14:10:25Z" duration-ms="74" status="PASS">
          <reporter-output>
          </reporter-output>
        </test-method> <!-- lastNameEqual -->
        <test-method signature="midNameEqual()[pri:0, instance:test.TestProfilePage@5ab9e72c]" started-at="2018-02-05T14:10:25Z" name="midNameEqual" finished-at="2018-02-05T14:10:25Z" duration-ms="100" status="PASS">
          <reporter-output>
          </reporter-output>
        </test-method> <!-- midNameEqual -->
        <test-method signature="phoneEqual()[pri:0, instance:test.TestProfilePage@5ab9e72c]" started-at="2018-02-05T14:10:25Z" name="phoneEqual" finished-at="2018-02-05T14:10:25Z" duration-ms="72" status="PASS">
          <reporter-output>
          </reporter-output>
        </test-method> <!-- phoneEqual -->
        <test-method signature="skypeEqual()[pri:0, instance:test.TestProfilePage@5ab9e72c]" started-at="2018-02-05T14:10:25Z" name="skypeEqual" finished-at="2018-02-05T14:10:25Z" duration-ms="58" status="PASS">
          <reporter-output>
          </reporter-output>
        </test-method> <!-- skypeEqual -->
        <test-method is-config="true" signature="after()[pri:0, instance:test.TestProfilePage@5ab9e72c]" started-at="2018-02-05T14:10:25Z" name="after" finished-at="2018-02-05T14:10:26Z" duration-ms="1165" status="PASS">
          <reporter-output>
          </reporter-output>
        </test-method> <!-- after -->
      </class> <!-- test.TestProfilePage -->
    </test> <!-- Default test -->
  </suite> <!-- Default suite -->
</testng-results>
