<?xml version="1.0" encoding="UTF-8"?>
<testng-results total="10" passed="3" failed="1" skipped="6">
  <reporter-output>
  </reporter-output>
  <suite started-at="2018-02-04T23:02:31Z" name="Suite" finished-at="2018-02-04T23:04:08Z" duration-ms="96808">
    <groups>
      <group name="A">
        <method signature="TestLoginPage.testLogin(java.lang.String, java.lang.String)[pri:0, instance:test.TestLoginPage@4a668b6e]" name="testLogin" class="test.TestLoginPage"/>
      </group> <!-- A -->
      <group name="Active">
        <method signature="TestProfilePage.activeEqual()[pri:0, instance:test.TestProfilePage@157853da]" name="activeEqual" class="test.TestProfilePage"/>
      </group> <!-- Active -->
      <group name="Skype">
        <method signature="TestProfilePage.skypeEqual()[pri:0, instance:test.TestProfilePage@157853da]" name="skypeEqual" class="test.TestProfilePage"/>
      </group> <!-- Skype -->
      <group name="MidleName">
        <method signature="TestProfilePage.midNameEqual()[pri:0, instance:test.TestProfilePage@157853da]" name="midNameEqual" class="test.TestProfilePage"/>
      </group> <!-- MidleName -->
      <group name="Equal">
        <method signature="TestProfilePage.activeEqual()[pri:0, instance:test.TestProfilePage@157853da]" name="activeEqual" class="test.TestProfilePage"/>
        <method signature="TestProfilePage.birthEqual()[pri:0, instance:test.TestProfilePage@157853da]" name="birthEqual" class="test.TestProfilePage"/>
        <method signature="TestProfilePage.firstNameEqual()[pri:0, instance:test.TestProfilePage@157853da]" name="firstNameEqual" class="test.TestProfilePage"/>
        <method signature="TestProfilePage.lastNameEqual()[pri:0, instance:test.TestProfilePage@157853da]" name="lastNameEqual" class="test.TestProfilePage"/>
        <method signature="TestProfilePage.midNameEqual()[pri:0, instance:test.TestProfilePage@157853da]" name="midNameEqual" class="test.TestProfilePage"/>
        <method signature="TestProfilePage.phoneEqual()[pri:0, instance:test.TestProfilePage@157853da]" name="phoneEqual" class="test.TestProfilePage"/>
        <method signature="TestProfilePage.skypeEqual()[pri:0, instance:test.TestProfilePage@157853da]" name="skypeEqual" class="test.TestProfilePage"/>
      </group> <!-- Equal -->
      <group name="Valid">
        <method signature="TestProfilePage.birthValid()[pri:0, instance:test.TestProfilePage@157853da]" name="birthValid" class="test.TestProfilePage"/>
      </group> <!-- Valid -->
      <group name="FirstName">
        <method signature="TestProfilePage.firstNameEqual()[pri:0, instance:test.TestProfilePage@157853da]" name="firstNameEqual" class="test.TestProfilePage"/>
      </group> <!-- FirstName -->
      <group name="Phone">
        <method signature="TestProfilePage.phoneEqual()[pri:0, instance:test.TestProfilePage@157853da]" name="phoneEqual" class="test.TestProfilePage"/>
      </group> <!-- Phone -->
      <group name="LastName">
        <method signature="TestProfilePage.lastNameEqual()[pri:0, instance:test.TestProfilePage@157853da]" name="lastNameEqual" class="test.TestProfilePage"/>
      </group> <!-- LastName -->
      <group name="Profile">
        <method signature="TestProfilePage.activeEqual()[pri:0, instance:test.TestProfilePage@157853da]" name="activeEqual" class="test.TestProfilePage"/>
        <method signature="TestProfilePage.birthEqual()[pri:0, instance:test.TestProfilePage@157853da]" name="birthEqual" class="test.TestProfilePage"/>
        <method signature="TestProfilePage.birthValid()[pri:0, instance:test.TestProfilePage@157853da]" name="birthValid" class="test.TestProfilePage"/>
        <method signature="TestProfilePage.firstNameEqual()[pri:0, instance:test.TestProfilePage@157853da]" name="firstNameEqual" class="test.TestProfilePage"/>
        <method signature="TestProfilePage.lastNameEqual()[pri:0, instance:test.TestProfilePage@157853da]" name="lastNameEqual" class="test.TestProfilePage"/>
        <method signature="TestProfilePage.midNameEqual()[pri:0, instance:test.TestProfilePage@157853da]" name="midNameEqual" class="test.TestProfilePage"/>
        <method signature="TestProfilePage.phoneEqual()[pri:0, instance:test.TestProfilePage@157853da]" name="phoneEqual" class="test.TestProfilePage"/>
        <method signature="TestProfilePage.skypeEqual()[pri:0, instance:test.TestProfilePage@157853da]" name="skypeEqual" class="test.TestProfilePage"/>
      </group> <!-- Profile -->
      <group name="Date">
        <method signature="TestProfilePage.birthEqual()[pri:0, instance:test.TestProfilePage@157853da]" name="birthEqual" class="test.TestProfilePage"/>
        <method signature="TestProfilePage.birthValid()[pri:0, instance:test.TestProfilePage@157853da]" name="birthValid" class="test.TestProfilePage"/>
      </group> <!-- Date -->
    </groups>
    <test started-at="2018-02-04T23:02:31Z" name="test suit" finished-at="2018-02-04T23:04:08Z" duration-ms="96808">
      <class name="test.TestLoginPage">
        <test-method is-config="true" signature="before()[pri:0, instance:test.TestLoginPage@4a668b6e]" started-at="2018-02-05T02:02:31Z" name="before" finished-at="2018-02-05T02:02:44Z" duration-ms="12054" status="PASS">
          <reporter-output>
          </reporter-output>
        </test-method> <!-- before -->
        <test-method signature="testLogin(java.lang.String, java.lang.String)[pri:0, instance:test.TestLoginPage@4a668b6e]" started-at="2018-02-05T02:02:44Z" name="testLogin" data-provider="dp" finished-at="2018-02-05T02:02:45Z" duration-ms="1761" status="PASS">
          <params>
            <param index="0">
              <value>
                <![CDATA[kolia]]>
              </value>
            </param>
            <param index="1">
              <value>
                <![CDATA[empl]]>
              </value>
            </param>
          </params>
          <reporter-output>
          </reporter-output>
        </test-method> <!-- testLogin -->
        <test-method is-config="true" signature="after()[pri:0, instance:test.TestLoginPage@4a668b6e]" started-at="2018-02-05T02:02:45Z" name="after" finished-at="2018-02-05T02:02:47Z" duration-ms="1270" status="PASS">
          <reporter-output>
          </reporter-output>
        </test-method> <!-- after -->
        <test-method is-config="true" signature="before()[pri:0, instance:test.TestLoginPage@4a668b6e]" started-at="2018-02-05T02:02:47Z" name="before" finished-at="2018-02-05T02:02:57Z" duration-ms="10152" status="PASS">
          <reporter-output>
          </reporter-output>
        </test-method> <!-- before -->
        <test-method signature="testLogin(java.lang.String, java.lang.String)[pri:0, instance:test.TestLoginPage@4a668b6e]" started-at="2018-02-05T02:02:57Z" name="testLogin" data-provider="dp" finished-at="2018-02-05T02:03:10Z" duration-ms="12920" status="PASS">
          <params>
            <param index="0">
              <value>
                <![CDATA[tess]]>
              </value>
            </param>
            <param index="1">
              <value>
                <![CDATA[empl]]>
              </value>
            </param>
          </params>
          <reporter-output>
          </reporter-output>
        </test-method> <!-- testLogin -->
        <test-method is-config="true" signature="after()[pri:0, instance:test.TestLoginPage@4a668b6e]" started-at="2018-02-05T02:03:10Z" name="after" finished-at="2018-02-05T02:03:10Z" duration-ms="0" status="FAIL">
          <exception class="org.openqa.selenium.NoSuchSessionException">
            <message>
              <![CDATA[no such session
  (Driver info: chromedriver=2.35.528161 (5b82f2d2aae0ca24b877009200ced9065a772e73),platform=Windows NT 10.0.16299 x86_64) (WARNING: The server did not provide any stacktrace information)
Command duration or timeout: 97 milliseconds
Build info: version: '3.3.1', revision: '5234b325d5', time: '2017-03-10 09:10:29 +0000'
System info: host: 'DESKTOP-R95C30S', ip: '192.168.1.102', os.name: 'Windows 10', os.arch: 'amd64', os.version: '10.0', java.version: '9.0.4'
Driver info: org.openqa.selenium.chrome.ChromeDriver
Capabilities [{applicationCacheEnabled=false, rotatable=false, mobileEmulationEnabled=false, networkConnectionEnabled=false, chrome={chromedriverVersion=2.35.528161 (5b82f2d2aae0ca24b877009200ced9065a772e73), userDataDir=C:\Users\EGOR\AppData\Local\Temp\scoped_dir12644_32465}, takesHeapSnapshot=true, pageLoadStrategy=normal, databaseEnabled=false, handlesAlerts=true, hasTouchScreen=false, version=63.0.3239.132, platform=XP, browserConnectionEnabled=false, nativeEvents=true, acceptSslCerts=false, acceptInsecureCerts=false, locationContextEnabled=true, webStorageEnabled=true, browserName=chrome, takesScreenshot=true, javascriptEnabled=true, cssSelectorsEnabled=true, setWindowRect=true, unexpectedAlertBehaviour=}]
Session ID: d03e277da2dcffacc09103960fd662fd]]>
            </message>
            <full-stacktrace>
              <![CDATA[org.openqa.selenium.NoSuchSessionException: no such session
  (Driver info: chromedriver=2.35.528161 (5b82f2d2aae0ca24b877009200ced9065a772e73),platform=Windows NT 10.0.16299 x86_64) (WARNING: The server did not provide any stacktrace information)
Command duration or timeout: 97 milliseconds
Build info: version: '3.3.1', revision: '5234b325d5', time: '2017-03-10 09:10:29 +0000'
System info: host: 'DESKTOP-R95C30S', ip: '192.168.1.102', os.name: 'Windows 10', os.arch: 'amd64', os.version: '10.0', java.version: '9.0.4'
Driver info: org.openqa.selenium.chrome.ChromeDriver
Capabilities [{applicationCacheEnabled=false, rotatable=false, mobileEmulationEnabled=false, networkConnectionEnabled=false, chrome={chromedriverVersion=2.35.528161 (5b82f2d2aae0ca24b877009200ced9065a772e73), userDataDir=C:\Users\EGOR\AppData\Local\Temp\scoped_dir12644_32465}, takesHeapSnapshot=true, pageLoadStrategy=normal, databaseEnabled=false, handlesAlerts=true, hasTouchScreen=false, version=63.0.3239.132, platform=XP, browserConnectionEnabled=false, nativeEvents=true, acceptSslCerts=false, acceptInsecureCerts=false, locationContextEnabled=true, webStorageEnabled=true, browserName=chrome, takesScreenshot=true, javascriptEnabled=true, cssSelectorsEnabled=true, setWindowRect=true, unexpectedAlertBehaviour=}]
Session ID: d03e277da2dcffacc09103960fd662fd
	at java.base/jdk.internal.reflect.NativeConstructorAccessorImpl.newInstance0(Native Method)
	at java.base/jdk.internal.reflect.NativeConstructorAccessorImpl.newInstance(Unknown Source)
	at java.base/jdk.internal.reflect.DelegatingConstructorAccessorImpl.newInstance(Unknown Source)
	at java.base/java.lang.reflect.Constructor.newInstance(Unknown Source)
	at org.openqa.selenium.remote.ErrorHandler.createThrowable(ErrorHandler.java:216)
	at org.openqa.selenium.remote.ErrorHandler.throwIfResponseFailed(ErrorHandler.java:168)
	at org.openqa.selenium.remote.RemoteWebDriver.execute(RemoteWebDriver.java:638)
	at org.openqa.selenium.remote.RemoteWebDriver.execute(RemoteWebDriver.java:661)
	at org.openqa.selenium.remote.RemoteWebDriver.close(RemoteWebDriver.java:490)
	at test.TestLoginPage.after(TestLoginPage.java:54)
	at java.base/jdk.internal.reflect.NativeMethodAccessorImpl.invoke0(Native Method)
	at java.base/jdk.internal.reflect.NativeMethodAccessorImpl.invoke(Unknown Source)
	at java.base/jdk.internal.reflect.DelegatingMethodAccessorImpl.invoke(Unknown Source)
	at java.base/java.lang.reflect.Method.invoke(Unknown Source)
	at org.testng.internal.MethodInvocationHelper.invokeMethod(MethodInvocationHelper.java:80)
	at org.testng.internal.Invoker.invokeConfigurationMethod(Invoker.java:564)
	at org.testng.internal.Invoker.invokeConfigurations(Invoker.java:213)
	at org.testng.internal.Invoker.invokeMethod(Invoker.java:786)
	at org.testng.internal.Invoker.invokeTestMethod(Invoker.java:901)
	at org.testng.internal.Invoker.invokeTestMethods(Invoker.java:1231)
	at org.testng.internal.TestMethodWorker.invokeTestMethods(TestMethodWorker.java:127)
	at org.testng.internal.TestMethodWorker.run(TestMethodWorker.java:111)
	at org.testng.TestRunner.privateRun(TestRunner.java:767)
	at org.testng.TestRunner.run(TestRunner.java:617)
	at org.testng.SuiteRunner.runTest(SuiteRunner.java:334)
	at org.testng.SuiteRunner.runSequentially(SuiteRunner.java:329)
	at org.testng.SuiteRunner.privateRun(SuiteRunner.java:291)
	at org.testng.SuiteRunner.run(SuiteRunner.java:240)
	at org.testng.SuiteRunnerWorker.runSuite(SuiteRunnerWorker.java:52)
	at org.testng.SuiteRunnerWorker.run(SuiteRunnerWorker.java:86)
	at org.testng.TestNG.runSuitesSequentially(TestNG.java:1198)
	at org.testng.TestNG.runSuitesLocally(TestNG.java:1123)
	at org.testng.TestNG.run(TestNG.java:1031)
	at org.testng.remote.AbstractRemoteTestNG.run(AbstractRemoteTestNG.java:114)
	at org.testng.remote.RemoteTestNG.initAndRun(RemoteTestNG.java:251)
	at org.testng.remote.RemoteTestNG.main(RemoteTestNG.java:77)
]]>
            </full-stacktrace>
          </exception> <!-- org.openqa.selenium.NoSuchSessionException -->
          <reporter-output>
          </reporter-output>
        </test-method> <!-- after -->
      </class> <!-- test.TestLoginPage -->
      <class name="test.TestProfilePage">
        <test-method is-config="true" signature="before()[pri:0, instance:test.TestProfilePage@157853da]" started-at="2018-02-05T02:03:10Z" name="before" finished-at="2018-02-05T02:03:25Z" duration-ms="14791" status="PASS">
          <reporter-output>
          </reporter-output>
        </test-method> <!-- before -->
        <test-method signature="activeEqual()[pri:0, instance:test.TestProfilePage@157853da]" started-at="2018-02-05T02:03:25Z" name="activeEqual" finished-at="2018-02-05T02:03:25Z" duration-ms="304" status="PASS">
          <reporter-output>
          </reporter-output>
        </test-method> <!-- activeEqual -->
        <test-method is-config="true" signature="after()[pri:0, instance:test.TestProfilePage@157853da]" started-at="2018-02-05T02:03:25Z" name="after" finished-at="2018-02-05T02:03:26Z" duration-ms="1076" status="PASS">
          <reporter-output>
          </reporter-output>
        </test-method> <!-- after -->
        <test-method is-config="true" signature="before()[pri:0, instance:test.TestProfilePage@157853da]" started-at="2018-02-05T02:03:26Z" name="before" finished-at="2018-02-05T02:03:44Z" duration-ms="18036" status="PASS">
          <reporter-output>
          </reporter-output>
        </test-method> <!-- before -->
        <test-method signature="birthEqual()[pri:0, instance:test.TestProfilePage@157853da]" started-at="2018-02-05T02:03:44Z" name="birthEqual" finished-at="2018-02-05T02:03:44Z" duration-ms="96" status="FAIL">
          <exception class="java.lang.NullPointerException">
            <full-stacktrace>
              <![CDATA[java.lang.NullPointerException
	at test.TestProfilePage.birthEqual(TestProfilePage.java:81)
	at java.base/jdk.internal.reflect.NativeMethodAccessorImpl.invoke0(Native Method)
	at java.base/jdk.internal.reflect.NativeMethodAccessorImpl.invoke(Unknown Source)
	at java.base/jdk.internal.reflect.DelegatingMethodAccessorImpl.invoke(Unknown Source)
	at java.base/java.lang.reflect.Method.invoke(Unknown Source)
	at org.testng.internal.MethodInvocationHelper.invokeMethod(MethodInvocationHelper.java:80)
	at org.testng.internal.Invoker.invokeMethod(Invoker.java:714)
	at org.testng.internal.Invoker.invokeTestMethod(Invoker.java:901)
	at org.testng.internal.Invoker.invokeTestMethods(Invoker.java:1231)
	at org.testng.internal.TestMethodWorker.invokeTestMethods(TestMethodWorker.java:127)
	at org.testng.internal.TestMethodWorker.run(TestMethodWorker.java:111)
	at org.testng.TestRunner.privateRun(TestRunner.java:767)
	at org.testng.TestRunner.run(TestRunner.java:617)
	at org.testng.SuiteRunner.runTest(SuiteRunner.java:334)
	at org.testng.SuiteRunner.runSequentially(SuiteRunner.java:329)
	at org.testng.SuiteRunner.privateRun(SuiteRunner.java:291)
	at org.testng.SuiteRunner.run(SuiteRunner.java:240)
	at org.testng.SuiteRunnerWorker.runSuite(SuiteRunnerWorker.java:52)
	at org.testng.SuiteRunnerWorker.run(SuiteRunnerWorker.java:86)
	at org.testng.TestNG.runSuitesSequentially(TestNG.java:1198)
	at org.testng.TestNG.runSuitesLocally(TestNG.java:1123)
	at org.testng.TestNG.run(TestNG.java:1031)
	at org.testng.remote.AbstractRemoteTestNG.run(AbstractRemoteTestNG.java:114)
	at org.testng.remote.RemoteTestNG.initAndRun(RemoteTestNG.java:251)
	at org.testng.remote.RemoteTestNG.main(RemoteTestNG.java:77)
]]>
            </full-stacktrace>
          </exception> <!-- java.lang.NullPointerException -->
          <reporter-output>
          </reporter-output>
        </test-method> <!-- birthEqual -->
        <test-method is-config="true" signature="after()[pri:0, instance:test.TestProfilePage@157853da]" started-at="2018-02-05T02:03:44Z" name="after" finished-at="2018-02-05T02:03:47Z" duration-ms="3038" status="PASS">
          <reporter-output>
          </reporter-output>
        </test-method> <!-- after -->
        <test-method is-config="true" signature="before()[pri:0, instance:test.TestProfilePage@157853da]" started-at="2018-02-05T02:03:47Z" name="before" finished-at="2018-02-05T02:03:47Z" duration-ms="0" status="FAIL">
          <exception class="org.openqa.selenium.NoSuchElementException">
            <message>
              <![CDATA[no such element: Unable to locate element: {"method":"css selector","selector":"[class='dropdown-toggle'] span[class='ng-binding']"}
  (Session info: chrome=63.0.3239.132)
  (Driver info: chromedriver=2.35.528161 (5b82f2d2aae0ca24b877009200ced9065a772e73),platform=Windows NT 10.0.16299 x86_64) (WARNING: The server did not provide any stacktrace information)
Command duration or timeout: 5.03 seconds
For documentation on this error, please visit: http://seleniumhq.org/exceptions/no_such_element.html
Build info: version: '3.3.1', revision: '5234b325d5', time: '2017-03-10 09:10:29 +0000'
System info: host: 'DESKTOP-R95C30S', ip: '192.168.1.102', os.name: 'Windows 10', os.arch: 'amd64', os.version: '10.0', java.version: '9.0.4'
Driver info: org.openqa.selenium.chrome.ChromeDriver
Capabilities [{applicationCacheEnabled=false, rotatable=false, mobileEmulationEnabled=false, networkConnectionEnabled=false, chrome={chromedriverVersion=2.35.528161 (5b82f2d2aae0ca24b877009200ced9065a772e73), userDataDir=C:\Users\EGOR\AppData\Local\Temp\scoped_dir5632_3478}, takesHeapSnapshot=true, pageLoadStrategy=normal, databaseEnabled=false, handlesAlerts=true, hasTouchScreen=false, version=63.0.3239.132, platform=XP, browserConnectionEnabled=false, nativeEvents=true, acceptSslCerts=false, acceptInsecureCerts=false, locationContextEnabled=true, webStorageEnabled=true, browserName=chrome, takesScreenshot=true, javascriptEnabled=true, cssSelectorsEnabled=true, setWindowRect=true, unexpectedAlertBehaviour=}]
Session ID: 6f5fe4a0720b695424eecf95dffd8986
*** Element info: {Using=css selector, value=[class='dropdown-toggle'] span[class='ng-binding']}]]>
            </message>
            <full-stacktrace>
              <![CDATA[org.openqa.selenium.NoSuchElementException: no such element: Unable to locate element: {"method":"css selector","selector":"[class='dropdown-toggle'] span[class='ng-binding']"}
  (Session info: chrome=63.0.3239.132)
  (Driver info: chromedriver=2.35.528161 (5b82f2d2aae0ca24b877009200ced9065a772e73),platform=Windows NT 10.0.16299 x86_64) (WARNING: The server did not provide any stacktrace information)
Command duration or timeout: 5.03 seconds
For documentation on this error, please visit: http://seleniumhq.org/exceptions/no_such_element.html
Build info: version: '3.3.1', revision: '5234b325d5', time: '2017-03-10 09:10:29 +0000'
System info: host: 'DESKTOP-R95C30S', ip: '192.168.1.102', os.name: 'Windows 10', os.arch: 'amd64', os.version: '10.0', java.version: '9.0.4'
Driver info: org.openqa.selenium.chrome.ChromeDriver
Capabilities [{applicationCacheEnabled=false, rotatable=false, mobileEmulationEnabled=false, networkConnectionEnabled=false, chrome={chromedriverVersion=2.35.528161 (5b82f2d2aae0ca24b877009200ced9065a772e73), userDataDir=C:\Users\EGOR\AppData\Local\Temp\scoped_dir5632_3478}, takesHeapSnapshot=true, pageLoadStrategy=normal, databaseEnabled=false, handlesAlerts=true, hasTouchScreen=false, version=63.0.3239.132, platform=XP, browserConnectionEnabled=false, nativeEvents=true, acceptSslCerts=false, acceptInsecureCerts=false, locationContextEnabled=true, webStorageEnabled=true, browserName=chrome, takesScreenshot=true, javascriptEnabled=true, cssSelectorsEnabled=true, setWindowRect=true, unexpectedAlertBehaviour=}]
Session ID: 6f5fe4a0720b695424eecf95dffd8986
*** Element info: {Using=css selector, value=[class='dropdown-toggle'] span[class='ng-binding']}
	at java.base/jdk.internal.reflect.NativeConstructorAccessorImpl.newInstance0(Native Method)
	at java.base/jdk.internal.reflect.NativeConstructorAccessorImpl.newInstance(Unknown Source)
	at java.base/jdk.internal.reflect.DelegatingConstructorAccessorImpl.newInstance(Unknown Source)
	at java.base/java.lang.reflect.Constructor.newInstance(Unknown Source)
	at org.openqa.selenium.remote.ErrorHandler.createThrowable(ErrorHandler.java:216)
	at org.openqa.selenium.remote.ErrorHandler.throwIfResponseFailed(ErrorHandler.java:168)
	at org.openqa.selenium.remote.RemoteWebDriver.execute(RemoteWebDriver.java:638)
	at org.openqa.selenium.remote.RemoteWebDriver.findElement(RemoteWebDriver.java:371)
	at org.openqa.selenium.remote.RemoteWebDriver.findElementByCssSelector(RemoteWebDriver.java:468)
	at org.openqa.selenium.By$ByCssSelector.findElement(By.java:430)
	at org.openqa.selenium.remote.RemoteWebDriver.findElement(RemoteWebDriver.java:363)
	at PageFactory.HomePage.getName(HomePage.java:19)
	at PageFactory.HomePage.nameClick(HomePage.java:23)
	at PageFactory.HomePage.goToProfile(HomePage.java:28)
	at test.TestProfilePage.before(TestProfilePage.java:104)
	at java.base/jdk.internal.reflect.NativeMethodAccessorImpl.invoke0(Native Method)
	at java.base/jdk.internal.reflect.NativeMethodAccessorImpl.invoke(Unknown Source)
	at java.base/jdk.internal.reflect.DelegatingMethodAccessorImpl.invoke(Unknown Source)
	at java.base/java.lang.reflect.Method.invoke(Unknown Source)
	at org.testng.internal.MethodInvocationHelper.invokeMethod(MethodInvocationHelper.java:80)
	at org.testng.internal.Invoker.invokeConfigurationMethod(Invoker.java:564)
	at org.testng.internal.Invoker.invokeConfigurations(Invoker.java:213)
	at org.testng.internal.Invoker.invokeMethod(Invoker.java:653)
	at org.testng.internal.Invoker.invokeTestMethod(Invoker.java:901)
	at org.testng.internal.Invoker.invokeTestMethods(Invoker.java:1231)
	at org.testng.internal.TestMethodWorker.invokeTestMethods(TestMethodWorker.java:127)
	at org.testng.internal.TestMethodWorker.run(TestMethodWorker.java:111)
	at org.testng.TestRunner.privateRun(TestRunner.java:767)
	at org.testng.TestRunner.run(TestRunner.java:617)
	at org.testng.SuiteRunner.runTest(SuiteRunner.java:334)
	at org.testng.SuiteRunner.runSequentially(SuiteRunner.java:329)
	at org.testng.SuiteRunner.privateRun(SuiteRunner.java:291)
	at org.testng.SuiteRunner.run(SuiteRunner.java:240)
	at org.testng.SuiteRunnerWorker.runSuite(SuiteRunnerWorker.java:52)
	at org.testng.SuiteRunnerWorker.run(SuiteRunnerWorker.java:86)
	at org.testng.TestNG.runSuitesSequentially(TestNG.java:1198)
	at org.testng.TestNG.runSuitesLocally(TestNG.java:1123)
	at org.testng.TestNG.run(TestNG.java:1031)
	at org.testng.remote.AbstractRemoteTestNG.run(AbstractRemoteTestNG.java:114)
	at org.testng.remote.RemoteTestNG.initAndRun(RemoteTestNG.java:251)
	at org.testng.remote.RemoteTestNG.main(RemoteTestNG.java:77)
]]>
            </full-stacktrace>
          </exception> <!-- org.openqa.selenium.NoSuchElementException -->
          <reporter-output>
          </reporter-output>
        </test-method> <!-- before -->
        <test-method is-config="true" signature="before()[pri:0, instance:test.TestProfilePage@157853da]" started-at="2018-02-05T02:04:08Z" name="before" finished-at="2018-02-05T02:04:08Z" duration-ms="0" status="SKIP">
          <reporter-output>
          </reporter-output>
        </test-method> <!-- before -->
        <test-method signature="firstNameEqual()[pri:0, instance:test.TestProfilePage@157853da]" started-at="2018-02-05T02:04:08Z" name="firstNameEqual" finished-at="2018-02-05T02:04:08Z" duration-ms="16" status="SKIP">
          <reporter-output>
          </reporter-output>
        </test-method> <!-- firstNameEqual -->
        <test-method signature="birthValid()[pri:0, instance:test.TestProfilePage@157853da]" started-at="2018-02-05T02:04:08Z" name="birthValid" finished-at="2018-02-05T02:04:08Z" duration-ms="0" status="SKIP">
          <reporter-output>
          </reporter-output>
        </test-method> <!-- birthValid -->
        <test-method is-config="true" signature="after()[pri:0, instance:test.TestProfilePage@157853da]" started-at="2018-02-05T02:04:08Z" name="after" finished-at="2018-02-05T02:04:08Z" duration-ms="0" status="SKIP">
          <reporter-output>
          </reporter-output>
        </test-method> <!-- after -->
        <test-method signature="lastNameEqual()[pri:0, instance:test.TestProfilePage@157853da]" started-at="2018-02-05T02:04:08Z" name="lastNameEqual" finished-at="2018-02-05T02:04:08Z" duration-ms="0" status="SKIP">
          <reporter-output>
          </reporter-output>
        </test-method> <!-- lastNameEqual -->
        <test-method is-config="true" signature="before()[pri:0, instance:test.TestProfilePage@157853da]" started-at="2018-02-05T02:04:08Z" name="before" finished-at="2018-02-05T02:04:08Z" duration-ms="0" status="SKIP">
          <reporter-output>
          </reporter-output>
        </test-method> <!-- before -->
        <test-method is-config="true" signature="after()[pri:0, instance:test.TestProfilePage@157853da]" started-at="2018-02-05T02:04:08Z" name="after" finished-at="2018-02-05T02:04:08Z" duration-ms="0" status="SKIP">
          <reporter-output>
          </reporter-output>
        </test-method> <!-- after -->
        <test-method is-config="true" signature="after()[pri:0, instance:test.TestProfilePage@157853da]" started-at="2018-02-05T02:04:08Z" name="after" finished-at="2018-02-05T02:04:08Z" duration-ms="0" status="SKIP">
          <reporter-output>
          </reporter-output>
        </test-method> <!-- after -->
        <test-method is-config="true" signature="after()[pri:0, instance:test.TestProfilePage@157853da]" started-at="2018-02-05T02:04:08Z" name="after" finished-at="2018-02-05T02:04:08Z" duration-ms="0" status="SKIP">
          <reporter-output>
          </reporter-output>
        </test-method> <!-- after -->
        <test-method is-config="true" signature="after()[pri:0, instance:test.TestProfilePage@157853da]" started-at="2018-02-05T02:04:08Z" name="after" finished-at="2018-02-05T02:04:08Z" duration-ms="0" status="SKIP">
          <reporter-output>
          </reporter-output>
        </test-method> <!-- after -->
        <test-method signature="skypeEqual()[pri:0, instance:test.TestProfilePage@157853da]" started-at="2018-02-05T02:04:08Z" name="skypeEqual" finished-at="2018-02-05T02:04:08Z" duration-ms="15" status="SKIP">
          <reporter-output>
          </reporter-output>
        </test-method> <!-- skypeEqual -->
        <test-method is-config="true" signature="before()[pri:0, instance:test.TestProfilePage@157853da]" started-at="2018-02-05T02:04:08Z" name="before" finished-at="2018-02-05T02:04:08Z" duration-ms="0" status="SKIP">
          <reporter-output>
          </reporter-output>
        </test-method> <!-- before -->
        <test-method signature="phoneEqual()[pri:0, instance:test.TestProfilePage@157853da]" started-at="2018-02-05T02:04:08Z" name="phoneEqual" finished-at="2018-02-05T02:04:08Z" duration-ms="0" status="SKIP">
          <reporter-output>
          </reporter-output>
        </test-method> <!-- phoneEqual -->
        <test-method is-config="true" signature="before()[pri:0, instance:test.TestProfilePage@157853da]" started-at="2018-02-05T02:04:08Z" name="before" finished-at="2018-02-05T02:04:08Z" duration-ms="0" status="SKIP">
          <reporter-output>
          </reporter-output>
        </test-method> <!-- before -->
        <test-method is-config="true" signature="before()[pri:0, instance:test.TestProfilePage@157853da]" started-at="2018-02-05T02:04:08Z" name="before" finished-at="2018-02-05T02:04:08Z" duration-ms="0" status="SKIP">
          <reporter-output>
          </reporter-output>
        </test-method> <!-- before -->
        <test-method signature="midNameEqual()[pri:0, instance:test.TestProfilePage@157853da]" started-at="2018-02-05T02:04:08Z" name="midNameEqual" finished-at="2018-02-05T02:04:08Z" duration-ms="0" status="SKIP">
          <reporter-output>
          </reporter-output>
        </test-method> <!-- midNameEqual -->
        <test-method is-config="true" signature="after()[pri:0, instance:test.TestProfilePage@157853da]" started-at="2018-02-05T02:04:08Z" name="after" finished-at="2018-02-05T02:04:08Z" duration-ms="0" status="SKIP">
          <reporter-output>
          </reporter-output>
        </test-method> <!-- after -->
      </class> <!-- test.TestProfilePage -->
    </test> <!-- test suit -->
  </suite> <!-- Suite -->
</testng-results>
