<?xml version="1.0" encoding="UTF-8"?>
<testng-results total="1" passed="1" failed="0" skipped="0">
  <reporter-output>
  </reporter-output>
  <suite started-at="2018-02-04T22:08:04Z" name="Default suite" finished-at="2018-02-04T22:08:26Z" duration-ms="22364">
    <groups>
      <group name="Active">
        <method signature="TestProfilePage.activeEqual()[pri:0, instance:test.TestProfilePage@2f54a33d]" name="activeEqual" class="test.TestProfilePage"/>
      </group> <!-- Active -->
      <group name="Equal">
        <method signature="TestProfilePage.activeEqual()[pri:0, instance:test.TestProfilePage@2f54a33d]" name="activeEqual" class="test.TestProfilePage"/>
      </group> <!-- Equal -->
      <group name="Profile">
        <method signature="TestProfilePage.activeEqual()[pri:0, instance:test.TestProfilePage@2f54a33d]" name="activeEqual" class="test.TestProfilePage"/>
      </group> <!-- Profile -->
    </groups>
    <test started-at="2018-02-04T22:08:04Z" name="Default test" finished-at="2018-02-04T22:08:26Z" duration-ms="22364">
      <class name="test.TestProfilePage">
        <test-method is-config="true" signature="before()[pri:0, instance:test.TestProfilePage@2f54a33d]" started-at="2018-02-05T01:08:04Z" name="before" finished-at="2018-02-05T01:08:25Z" duration-ms="21033" status="PASS">
          <reporter-output>
          </reporter-output>
        </test-method> <!-- before -->
        <test-method signature="activeEqual()[pri:0, instance:test.TestProfilePage@2f54a33d]" started-at="2018-02-05T01:08:25Z" name="activeEqual" finished-at="2018-02-05T01:08:25Z" duration-ms="266" status="PASS">
          <reporter-output>
          </reporter-output>
        </test-method> <!-- activeEqual -->
        <test-method is-config="true" signature="after()[pri:0, instance:test.TestProfilePage@2f54a33d]" started-at="2018-02-05T01:08:25Z" name="after" finished-at="2018-02-05T01:08:26Z" duration-ms="1035" status="PASS">
          <reporter-output>
          </reporter-output>
        </test-method> <!-- after -->
      </class> <!-- test.TestProfilePage -->
    </test> <!-- Default test -->
  </suite> <!-- Default suite -->
</testng-results>
