<?xml version="1.0" encoding="UTF-8"?>
<testng-results total="2" passed="2" failed="0" skipped="0">
  <reporter-output>
  </reporter-output>
  <suite started-at="2018-02-02T18:10:43Z" name="Default suite" finished-at="2018-02-02T18:11:12Z" duration-ms="28759">
    <groups>
      <group name="A">
        <method signature="TestLoginPage.testLogin(java.lang.String, java.lang.String)[pri:0, instance:test.TestLoginPage@1018bde2]" name="testLogin" class="test.TestLoginPage"/>
      </group> <!-- A -->
    </groups>
    <test started-at="2018-02-02T18:10:43Z" name="Default test" finished-at="2018-02-02T18:11:12Z" duration-ms="28759">
      <class name="test.TestLoginPage">
        <test-method is-config="true" signature="before()[pri:0, instance:test.TestLoginPage@1018bde2]" started-at="2018-02-02T21:10:43Z" name="before" finished-at="2018-02-02T21:10:50Z" duration-ms="6932" status="PASS">
          <reporter-output>
          </reporter-output>
        </test-method> <!-- before -->
        <test-method signature="testLogin(java.lang.String, java.lang.String)[pri:0, instance:test.TestLoginPage@1018bde2]" started-at="2018-02-02T21:10:50Z" name="testLogin" data-provider="dp" finished-at="2018-02-02T21:10:51Z" duration-ms="1388" status="PASS">
          <params>
            <param index="0">
              <value>
                <![CDATA[kolia]]>
              </value>
            </param>
            <param index="1">
              <value>
                <![CDATA[empl]]>
              </value>
            </param>
          </params>
          <reporter-output>
          </reporter-output>
        </test-method> <!-- testLogin -->
        <test-method is-config="true" signature="after()[pri:0, instance:test.TestLoginPage@1018bde2]" started-at="2018-02-02T21:10:51Z" name="after" finished-at="2018-02-02T21:10:54Z" duration-ms="3381" status="PASS">
          <reporter-output>
          </reporter-output>
        </test-method> <!-- after -->
        <test-method is-config="true" signature="before()[pri:0, instance:test.TestLoginPage@1018bde2]" started-at="2018-02-02T21:10:54Z" name="before" finished-at="2018-02-02T21:11:00Z" duration-ms="5341" status="PASS">
          <reporter-output>
          </reporter-output>
        </test-method> <!-- before -->
        <test-method signature="testLogin(java.lang.String, java.lang.String)[pri:0, instance:test.TestLoginPage@1018bde2]" started-at="2018-02-02T21:11:00Z" name="testLogin" data-provider="dp" finished-at="2018-02-02T21:11:11Z" duration-ms="10860" status="PASS">
          <params>
            <param index="0">
              <value>
                <![CDATA[kkskolia]]>
              </value>
            </param>
            <param index="1">
              <value>
                <![CDATA[eempl]]>
              </value>
            </param>
          </params>
          <reporter-output>
          </reporter-output>
        </test-method> <!-- testLogin -->
        <test-method is-config="true" signature="after()[pri:0, instance:test.TestLoginPage@1018bde2]" started-at="2018-02-02T21:11:11Z" name="after" finished-at="2018-02-02T21:11:12Z" duration-ms="829" status="PASS">
          <reporter-output>
          </reporter-output>
        </test-method> <!-- after -->
      </class> <!-- test.TestLoginPage -->
    </test> <!-- Default test -->
  </suite> <!-- Default suite -->
</testng-results>
