<?xml version="1.0" encoding="UTF-8"?>
<testng-results total="2" passed="2" failed="0" skipped="0">
  <reporter-output>
  </reporter-output>
  <suite started-at="2018-02-02T12:13:33Z" name="Default suite" finished-at="2018-02-02T12:14:14Z" duration-ms="40859">
    <groups>
      <group name="Email">
        <method signature="TestProfilePage.testEmail()[pri:0, instance:test.TestProfilePage@38e79ae3]" name="testEmail" class="test.TestProfilePage"/>
      </group> <!-- Email -->
      <group name="Phone">
        <method signature="TestProfilePage.testPhone()[pri:0, instance:test.TestProfilePage@38e79ae3]" name="testPhone" class="test.TestProfilePage"/>
      </group> <!-- Phone -->
      <group name="Profile">
        <method signature="TestProfilePage.testEmail()[pri:0, instance:test.TestProfilePage@38e79ae3]" name="testEmail" class="test.TestProfilePage"/>
        <method signature="TestProfilePage.testPhone()[pri:0, instance:test.TestProfilePage@38e79ae3]" name="testPhone" class="test.TestProfilePage"/>
      </group> <!-- Profile -->
    </groups>
    <test started-at="2018-02-02T12:13:33Z" name="Default test" finished-at="2018-02-02T12:14:14Z" duration-ms="40859">
      <class name="test.TestProfilePage">
        <test-method is-config="true" signature="before()[pri:0, instance:test.TestProfilePage@38e79ae3]" started-at="2018-02-02T15:13:33Z" name="before" finished-at="2018-02-02T15:13:56Z" duration-ms="22806" status="PASS">
          <reporter-output>
          </reporter-output>
        </test-method> <!-- before -->
        <test-method signature="testEmail()[pri:0, instance:test.TestProfilePage@38e79ae3]" started-at="2018-02-02T15:13:56Z" name="testEmail" finished-at="2018-02-02T15:13:56Z" duration-ms="184" status="PASS">
          <reporter-output>
          </reporter-output>
        </test-method> <!-- testEmail -->
        <test-method is-config="true" signature="after()[pri:0, instance:test.TestProfilePage@38e79ae3]" started-at="2018-02-02T15:13:56Z" name="after" finished-at="2018-02-02T15:13:57Z" duration-ms="1123" status="PASS">
          <reporter-output>
          </reporter-output>
        </test-method> <!-- after -->
        <test-method is-config="true" signature="before()[pri:0, instance:test.TestProfilePage@38e79ae3]" started-at="2018-02-02T15:13:57Z" name="before" finished-at="2018-02-02T15:14:13Z" duration-ms="15492" status="PASS">
          <reporter-output>
          </reporter-output>
        </test-method> <!-- before -->
        <test-method signature="testPhone()[pri:0, instance:test.TestProfilePage@38e79ae3]" started-at="2018-02-02T15:14:13Z" name="testPhone" finished-at="2018-02-02T15:14:13Z" duration-ms="208" status="PASS">
          <reporter-output>
          </reporter-output>
        </test-method> <!-- testPhone -->
        <test-method is-config="true" signature="after()[pri:0, instance:test.TestProfilePage@38e79ae3]" started-at="2018-02-02T15:14:13Z" name="after" finished-at="2018-02-02T15:14:14Z" duration-ms="1021" status="PASS">
          <reporter-output>
          </reporter-output>
        </test-method> <!-- after -->
      </class> <!-- test.TestProfilePage -->
    </test> <!-- Default test -->
  </suite> <!-- Default suite -->
</testng-results>
